<?xml version="1.0" encoding="UTF-8"?>
<!-- Generated by org.testng.reporters.JUnitReportReporter -->
<testsuite hostname="DESKTOP-OTVE79I" failures="0" tests="5" name="com.crm.qa.testcases.HomePageTest" time="63.848" errors="0" timestamp="2023-01-25T19:46:43 EST" skipped="0">
  <testcase classname="com.crm.qa.testcases.HomePageTest" name="VerifyTitlePageTest" time="14.646"/>
  <system-out/>
  <testcase classname="com.crm.qa.testcases.HomePageTest" name="VerifyCorrectUserNameTest" time="10.396"/>
  <system-out/>
  <testcase classname="com.crm.qa.testcases.HomePageTest" name="verifyContactsLinkTest" time="12.927"/>
  <system-out/>
  <testcase classname="com.crm.qa.testcases.HomePageTest" name="verifyDealsLinkTest" time="14.728"/>
  <system-out/>
  <testcase classname="com.crm.qa.testcases.HomePageTest" name="verifyStoreLinkTest" time="11.151"/>
  <system-out/>
</testsuite> <!-- com.crm.qa.testcases.HomePageTest -->
