<?xml version="1.0" encoding="UTF-8"?>
<!-- Generated by org.testng.reporters.JUnitReportReporter -->
<testsuite hostname="DESKTOP-OTVE79I" failures="0" tests="3" name="com.crm.qa.testcases.LoginPageTest" time="22.330" errors="0" timestamp="2023-01-25T19:46:43 EST" skipped="0">
  <testcase classname="com.crm.qa.testcases.LoginPageTest" name="LgnPageTitleTest" time="4.958"/>
  <system-out/>
  <testcase classname="com.crm.qa.testcases.LoginPageTest" name="LgnPagelogoTest" time="6.768"/>
  <system-out/>
  <testcase classname="com.crm.qa.testcases.LoginPageTest" name="LoginTest" time="10.604"/>
  <system-out/>
</testsuite> <!-- com.crm.qa.testcases.LoginPageTest -->
