<?xml version="1.0" encoding="UTF-8"?>
<!-- Generated by org.testng.reporters.JUnitReportReporter -->
<testsuite hostname="DESKTOP-OTVE79I" failures="0" tests="4" name="com.crm.qa.testcases.ProductRegisterTest" time="62.220" errors="0" timestamp="2023-01-25T16:18:22 EST" skipped="0">
  <testcase classname="com.crm.qa.testcases.ProductRegisterTest" name="RegisterProductTest" time="15.232"/>
  <system-out/>
  <testcase classname="com.crm.qa.testcases.ProductRegisterTest" name="RegisterProductTest" time="17.443"/>
  <system-out/>
  <testcase classname="com.crm.qa.testcases.ProductRegisterTest" name="RegisterProductTest" time="14.871"/>
  <system-out/>
  <testcase classname="com.crm.qa.testcases.ProductRegisterTest" name="VerifyRegisteredProduct" time="14.674"/>
  <system-out/>
</testsuite> <!-- com.crm.qa.testcases.ProductRegisterTest -->
