<?xml version="1.0" encoding="UTF-8"?>
<!-- Generated by org.testng.reporters.JUnitReportReporter -->
<testsuite hostname="DESKTOP-OTVE79I" failures="0" tests="3" name="com.crm.qa.testcases.ProductRegisterTest" time="47.078" errors="0" timestamp="2023-01-27T22:53:17 EST" skipped="0">
  <testcase classname="com.crm.qa.testcases.ProductRegisterTest" name="RegisterProductTest" time="14.737"/>
  <system-out/>
  <testcase classname="com.crm.qa.testcases.ProductRegisterTest" name="RegisterProductTest" time="17.199"/>
  <system-out/>
  <testcase classname="com.crm.qa.testcases.ProductRegisterTest" name="RegisterProductTest" time="15.142"/>
  <system-out/>
</testsuite> <!-- com.crm.qa.testcases.ProductRegisterTest -->
