<?xml version="1.0" encoding="UTF-8"?>
<!-- Generated by org.testng.reporters.JUnitReportReporter -->
<testsuite hostname="DESKTOP-OTVE79I" failures="0" tests="3" name="com.crm.qa.testcases.ContactPageTest" time="29.606" errors="0" timestamp="2023-01-27T21:28:36 EST" skipped="0">
  <testcase classname="com.crm.qa.testcases.ContactPageTest" name="ValidateContactPageTitleTest" time="10.255"/>
  <system-out/>
  <testcase classname="com.crm.qa.testcases.ContactPageTest" name="ValidateContactPageUrlTest" time="10.144"/>
  <system-out/>
  <testcase classname="com.crm.qa.testcases.ContactPageTest" name="ValidateContactPageText" time="9.207"/>
  <system-out/>
</testsuite> <!-- com.crm.qa.testcases.ContactPageTest -->
