<?xml version="1.0" encoding="UTF-8"?>
<!-- Generated by org.testng.reporters.JUnitReportReporter -->
<testsuite hostname="DESKTOP-OTVE79I" failures="0" tests="3" name="com.crm.qa.testcases.ContactPageTest" time="24.186" errors="0" timestamp="2023-01-25T19:46:43 EST" skipped="0">
  <testcase classname="com.crm.qa.testcases.ContactPageTest" name="ValidateContactPageUrlTest" time="8.266"/>
  <system-out/>
  <testcase classname="com.crm.qa.testcases.ContactPageTest" name="ValidateContactPageTitleTest" time="7.789"/>
  <system-out/>
  <testcase classname="com.crm.qa.testcases.ContactPageTest" name="ValidateContactPageText" time="8.131"/>
  <system-out/>
</testsuite> <!-- com.crm.qa.testcases.ContactPageTest -->
