<?xml version="1.0" encoding="UTF-8"?>
<!-- Generated by org.testng.reporters.JUnitReportReporter -->
<testsuite hostname="DESKTOP-OTVE79I" failures="0" tests="4" name="com.crm.qa.testcases.ProductRegisterTest" time="57.227" errors="0" timestamp="2023-01-27T23:05:48 EST" skipped="0">
  <testcase classname="com.crm.qa.testcases.ProductRegisterTest" name="RegisterProductTest" time="14.219"/>
  <system-out/>
  <testcase classname="com.crm.qa.testcases.ProductRegisterTest" name="RegisterProductTest" time="13.573"/>
  <system-out/>
  <testcase classname="com.crm.qa.testcases.ProductRegisterTest" name="RegisterProductTest" time="14.699"/>
  <system-out/>
  <testcase classname="com.crm.qa.testcases.ProductRegisterTest" name="VerifyRegisteredProduct" time="14.736"/>
  <system-out/>
</testsuite> <!-- com.crm.qa.testcases.ProductRegisterTest -->
