<?xml version="1.0" encoding="UTF-8"?>
<!-- Generated by org.testng.reporters.JUnitReportReporter -->
<testsuite hostname="DESKTOP-OTVE79I" failures="0" tests="3" name="com.crm.qa.testcases.ContactPageTest" time="24.097" errors="0" timestamp="2023-01-27T20:39:19 EST" skipped="0">
  <testcase classname="com.crm.qa.testcases.ContactPageTest" name="ValidateContactPageUrlTest" time="8.526"/>
  <system-out/>
  <testcase classname="com.crm.qa.testcases.ContactPageTest" name="ValidateContactPageTitleTest" time="7.702"/>
  <system-out/>
  <testcase classname="com.crm.qa.testcases.ContactPageTest" name="ValidateContactPageText" time="7.869"/>
  <system-out/>
</testsuite> <!-- com.crm.qa.testcases.ContactPageTest -->
