<?xml version="1.0" encoding="UTF-8"?>
<!-- Generated by org.testng.reporters.JUnitReportReporter -->
<testsuite hostname="DESKTOP-OTVE79I" failures="0" tests="4" name="com.crm.qa.testcases.ProductRegisterTest" time="54.330" errors="0" timestamp="2023-01-27T20:39:19 EST" skipped="0">
  <testcase classname="com.crm.qa.testcases.ProductRegisterTest" name="RegisterProductTest" time="12.424"/>
  <system-out/>
  <testcase classname="com.crm.qa.testcases.ProductRegisterTest" name="RegisterProductTest" time="12.817"/>
  <system-out/>
  <testcase classname="com.crm.qa.testcases.ProductRegisterTest" name="RegisterProductTest" time="13.995"/>
  <system-out/>
  <testcase classname="com.crm.qa.testcases.ProductRegisterTest" name="VerifyRegisteredProduct" time="15.094"/>
  <system-out/>
</testsuite> <!-- com.crm.qa.testcases.ProductRegisterTest -->
