<?xml version="1.0" encoding="UTF-8"?>
<!-- Generated by org.testng.reporters.JUnitReportReporter -->
<testsuite hostname="DESKTOP-OTVE79I" failures="0" tests="3" name="com.crm.qa.testcases.ContactPageTest" time="25.138" errors="0" timestamp="2023-01-27T23:05:48 EST" skipped="0">
  <testcase classname="com.crm.qa.testcases.ContactPageTest" name="ValidateContactPageTitleTest" time="7.709"/>
  <system-out/>
  <testcase classname="com.crm.qa.testcases.ContactPageTest" name="ValidateContactPageText" time="7.888"/>
  <system-out/>
  <testcase classname="com.crm.qa.testcases.ContactPageTest" name="ValidateContactPageUrlTest" time="9.541"/>
  <system-out/>
</testsuite> <!-- com.crm.qa.testcases.ContactPageTest -->
