<?xml version="1.0" encoding="UTF-8"?>
<!-- Generated by org.testng.reporters.JUnitReportReporter -->
<testsuite hostname="DESKTOP-OTVE79I" failures="0" tests="3" name="com.crm.qa.testcases.ContactPageTest" time="17.959" errors="0" timestamp="2023-01-25T23:09:51 EST" skipped="0">
  <testcase classname="com.crm.qa.testcases.ContactPageTest" name="ValidateContactPageText" time="5.284"/>
  <system-out/>
  <testcase classname="com.crm.qa.testcases.ContactPageTest" name="ValidateContactPageUrlTest" time="7.416"/>
  <system-out/>
  <testcase classname="com.crm.qa.testcases.ContactPageTest" name="ValidateContactPageTitleTest" time="5.259"/>
  <system-out/>
</testsuite> <!-- com.crm.qa.testcases.ContactPageTest -->
