<?xml version="1.0" encoding="UTF-8"?>
<!-- Generated by org.testng.reporters.JUnitReportReporter -->
<testsuite hostname="DESKTOP-OTVE79I" failures="0" tests="4" name="com.crm.qa.testcases.ProductRegisterTest" time="38.156" errors="0" timestamp="2023-01-25T23:09:51 EST" skipped="0">
  <testcase classname="com.crm.qa.testcases.ProductRegisterTest" name="RegisterProductTest" time="8.670"/>
  <system-out/>
  <testcase classname="com.crm.qa.testcases.ProductRegisterTest" name="RegisterProductTest" time="8.664"/>
  <system-out/>
  <testcase classname="com.crm.qa.testcases.ProductRegisterTest" name="RegisterProductTest" time="9.096"/>
  <system-out/>
  <testcase classname="com.crm.qa.testcases.ProductRegisterTest" name="VerifyRegisteredProduct" time="11.726"/>
  <system-out/>
</testsuite> <!-- com.crm.qa.testcases.ProductRegisterTest -->
